<?xml version="1.0" encoding="UTF-8"?>
<!-- Generated by org.testng.reporters.JUnitXMLReporter -->
<testsuite hostname="in04009" ignored="3" name="Test(failed)" tests="1" failures="0" timestamp="2021-07-04T14:33:33 IST" time="3.649" errors="0">
  <testcase name="getPhotos" time="3.644" classname="TestCasesGetReqs.GetPosts"/>
  <testcase name="getUsers" time="0.0" classname="TestCasesGetReqs.GetPosts">
    <ignored/>
  </testcase> <!-- getUsers -->
  <testcase name="getPosts" time="0.0" classname="TestCasesGetReqs.GetPosts">
    <ignored/>
  </testcase> <!-- getPosts -->
  <testcase name="getCommentsForPosts" time="0.0" classname="TestCasesGetReqs.GetPosts">
    <ignored/>
  </testcase> <!-- getCommentsForPosts -->
</testsuite> <!-- Test(failed) -->
