<?xml version="1.0" encoding="UTF-8"?>
<!-- Generated by org.testng.reporters.JUnitXMLReporter -->
<testsuite hostname="in04009" ignored="0" name="Default test" tests="4" failures="0" timestamp="2021-06-22T23:17:46 IST" time="4.857" errors="0">
  <testcase name="getCommentsForPosts" time="3.587" classname="TestCasesGetReqs.GetPosts"/>
  <testcase name="getPhotos" time="0.253" classname="TestCasesGetReqs.GetPosts"/>
  <testcase name="getPosts" time="0.539" classname="TestCasesGetReqs.GetPosts"/>
  <testcase name="getUsers" time="0.408" classname="TestCasesGetReqs.GetPosts"/>
</testsuite> <!-- Default test -->
