<?xml version="1.0" encoding="UTF-8"?>
<!-- Generated by org.testng.reporters.JUnitXMLReporter -->
<testsuite hostname="in04009" ignored="0" name="Default test" tests="2" failures="0" timestamp="2021-07-28T21:24:59 IST" time="95.323" errors="0">
  <testcase name="verifyHomePageTitleTest" time="0.053" classname="com.assign.qa.base.testcases.MainPageTests"/>
  <testcase name="verifyDefaultTabSelected" time="13.404" classname="com.assign.qa.base.testcases.MainPageTests"/>
</testsuite> <!-- Default test -->
